Determining if the pthread_create exist failed with the following output:
Change Dir: /home/AzureUser/hcq/ROS/catkin_wp/build/CMakeFiles/CMakeTmp

Run Build Command:"/usr/bin/make" "cmTC_0c54a/fast"
/usr/bin/make -f CMakeFiles/cmTC_0c54a.dir/build.make CMakeFiles/cmTC_0c54a.dir/build
make[1]: Entering directory '/home/AzureUser/hcq/ROS/catkin_wp/build/CMakeFiles/CMakeTmp'
Building C object CMakeFiles/cmTC_0c54a.dir/CheckSymbolExists.c.o
/usr/bin/cc    -o CMakeFiles/cmTC_0c54a.dir/CheckSymbolExists.c.o   -c /home/AzureUser/hcq/ROS/catkin_wp/build/CMakeFiles/CMakeTmp/CheckSymbolExists.c
Linking C executable cmTC_0c54a
/usr/bin/cmake -E cmake_link_script CMakeFiles/cmTC_0c54a.dir/link.txt --verbose=1
/usr/bin/cc      -rdynamic CMakeFiles/cmTC_0c54a.dir/CheckSymbolExists.c.o  -o cmTC_0c54a 
CMakeFiles/cmTC_0c54a.dir/CheckSymbolExists.c.o: In function `main':
CheckSymbolExists.c:(.text+0x1b): undefined reference to `pthread_create'
collect2: error: ld returned 1 exit status
CMakeFiles/cmTC_0c54a.dir/build.make:97: recipe for target 'cmTC_0c54a' failed
make[1]: *** [cmTC_0c54a] Error 1
make[1]: Leaving directory '/home/AzureUser/hcq/ROS/catkin_wp/build/CMakeFiles/CMakeTmp'
Makefile:126: recipe for target 'cmTC_0c54a/fast' failed
make: *** [cmTC_0c54a/fast] Error 2

File /home/AzureUser/hcq/ROS/catkin_wp/build/CMakeFiles/CMakeTmp/CheckSymbolExists.c:
/* */
#include <pthread.h>

int main(int argc, char** argv)
{
  (void)argv;
#ifndef pthread_create
  return ((int*)(&pthread_create))[argc];
#else
  (void)argc;
  return 0;
#endif
}

Determining if the function pthread_create exists in the pthreads failed with the following output:
Change Dir: /home/AzureUser/hcq/ROS/catkin_wp/build/CMakeFiles/CMakeTmp

Run Build Command:"/usr/bin/make" "cmTC_4cdce/fast"
/usr/bin/make -f CMakeFiles/cmTC_4cdce.dir/build.make CMakeFiles/cmTC_4cdce.dir/build
make[1]: Entering directory '/home/AzureUser/hcq/ROS/catkin_wp/build/CMakeFiles/CMakeTmp'
Building C object CMakeFiles/cmTC_4cdce.dir/CheckFunctionExists.c.o
/usr/bin/cc   -DCHECK_FUNCTION_EXISTS=pthread_create   -o CMakeFiles/cmTC_4cdce.dir/CheckFunctionExists.c.o   -c /usr/share/cmake-3.10/Modules/CheckFunctionExists.c
Linking C executable cmTC_4cdce
/usr/bin/cmake -E cmake_link_script CMakeFiles/cmTC_4cdce.dir/link.txt --verbose=1
/usr/bin/cc  -DCHECK_FUNCTION_EXISTS=pthread_create    -rdynamic CMakeFiles/cmTC_4cdce.dir/CheckFunctionExists.c.o  -o cmTC_4cdce -lpthreads 
/usr/bin/ld: cannot find -lpthreads
collect2: error: ld returned 1 exit status
CMakeFiles/cmTC_4cdce.dir/build.make:97: recipe for target 'cmTC_4cdce' failed
make[1]: *** [cmTC_4cdce] Error 1
make[1]: Leaving directory '/home/AzureUser/hcq/ROS/catkin_wp/build/CMakeFiles/CMakeTmp'
Makefile:126: recipe for target 'cmTC_4cdce/fast' failed
make: *** [cmTC_4cdce/fast] Error 2


